{"logTime": "1121/205739", "correlationVector":"rFZLV2nAJ7QSZbjH04+mF9.0","action":"FeedSettingFetch_homeCloud", "result":"0", "context":"{}"}
{"logTime": "1121/205739", "correlationVector":"ftet7vRWtshB9FeP5xfNFn.1","action":"SyncServerConnectionManagerRequest", "result":"SYNC_SERVER_OK", "context":"{"environment":"48F630A6-CB1B-4CC7-86AF-0F6627234B58|113", "server":"BN3PEPF00004286"}"}
{"logTime": "1121/205739", "correlationVector":"ftet7vRWtshB9FeP5xfNFn.2","action":"AAD.Mip.Unpack", "result":"Success", "context":"MIP_CLOUD_COMMERCIAL:Success"}
{"logTime": "1121/205739", "correlationVector":"ftet7vRWtshB9FeP5xfNFn.3","action":"AAD.GetKeyResponse", "result":"Success", "context":"Keys=2.LastKeyStatus=Expired. .State=None.Pending NewKey"}
{"logTime": "1121/205739", "correlationVector":"ftet7vRWtshB9FeP5xfNFn","action":"Initial GetUpdates", "result":""}
{"logTime": "1121/205739", "correlationVector":"ftet7vRWtshB9FeP5xfNFn.4","action":"GetUpdates Response", "result":"SYNCER_OK"}
{"logTime": "1121/205817", "correlationVector":"Z5h0TSpNDja/+W0Ztrq6vE","action":"Initial GetUpdates", "result":""}
{"logTime": "1121/205818", "correlationVector":"Z5h0TSpNDja/+W0Ztrq6vE.1","action":"SyncServerConnectionManagerRequest", "result":"SYNC_SERVER_OK", "context":"{"environment":"48F630A6-CB1B-4CC7-86AF-0F6627234B58|113", "server":"BN3PEPF00004286"}"}
{"logTime": "1121/205818", "correlationVector":"Z5h0TSpNDja/+W0Ztrq6vE.2","action":"GetUpdates Response", "result":"SYNCER_OK"}
{"logTime": "1121/205818", "correlationVector":"qaBXs1uCBn6Ms720WancsR","action":"Normal GetUpdate request", "result":""}
{"logTime": "1121/205818", "correlationVector":"qaBXs1uCBn6Ms720WancsR.1","action":"SyncServerConnectionManagerRequest", "result":"SYNC_SERVER_OK", "context":"{"environment":"48F630A6-CB1B-4CC7-86AF-0F6627234B58|113", "server":"BN3PEPF00004286"}"}
{"logTime": "1121/205818", "correlationVector":"qaBXs1uCBn6Ms720WancsR.2","action":"GetUpdates Response", "result":"SYNCER_OK"}
{"logTime": "1121/205819", "correlationVector":"I16gaaDoxhNL9dUzdWiVGn","action":"AAD.Mip.Pack:", "result":"Success", "context":"MIP_CLOUD_COMMERCIAL:Success"}
{"logTime": "1121/205819", "correlationVector":"I16gaaDoxhNL9dUzdWiVGn.0","action":"AAD.AddCommitKey", "result":"Success"}
{"logTime": "1121/205819", "correlationVector":"XM77f+tdvRGAS/gFt4Ln43","action":"Commit Request", "result":""}
{"logTime": "1121/205820", "correlationVector":"XM77f+tdvRGAS/gFt4Ln43.1","action":"SyncServerConnectionManagerRequest", "result":"SYNC_SERVER_OK", "context":"{"environment":"48F630A6-CB1B-4CC7-86AF-0F6627234B58|113", "server":"BN3PEPF00004286"}"}
{"logTime": "1121/205820", "correlationVector":"XM77f+tdvRGAS/gFt4Ln43.3","action":"AAD.CommitKeyResponse", "result":"Success", "context":"Committed"}
{"logTime": "1121/205820", "correlationVector":"XM77f+tdvRGAS/gFt4Ln43.2","action":"Commit Response", "result":"SYNCER_OK"}
{"logTime": "1121/210914", "correlationVector":"inXSEWhtPIVpbXpT4N6PwU.0","action":"FeedSettingFetch_homeCloud", "result":"0", "context":"{}"}
{"logTime": "1121/210914", "correlationVector":"JVrhBCihaTA/Nw1f1v8rpP.1","action":"SyncServerConnectionManagerRequest", "result":"SYNC_SERVER_OK", "context":"{"environment":"48F630A6-CB1B-4CC7-86AF-0F6627234B58|113", "server":"BY3PEPF0000DAE0"}"}
{"logTime": "1121/210914", "correlationVector":"JVrhBCihaTA/Nw1f1v8rpP.2","action":"AAD.Mip.Unpack", "result":"Success", "context":"MIP_CLOUD_COMMERCIAL:Success"}
{"logTime": "1121/210914", "correlationVector":"JVrhBCihaTA/Nw1f1v8rpP.3","action":"AAD.GetKeyResponse", "result":"Success", "context":"Keys=3.LastKeyStatus=Normal. 2021-11-21 14:58:18 -06.State=None"}
{"logTime": "1121/210914", "correlationVector":"JVrhBCihaTA/Nw1f1v8rpP","action":"Initial GetUpdates", "result":""}
{"logTime": "1121/210914", "correlationVector":"JVrhBCihaTA/Nw1f1v8rpP.4","action":"GetUpdates Response", "result":"SYNCER_OK"}
{"logTime": "1121/210914", "correlationVector":"ru4myvXg/9ftAERlKeyuNG","action":"Normal GetUpdate request", "result":""}
{"logTime": "1121/210914", "correlationVector":"ru4myvXg/9ftAERlKeyuNG.1","action":"SyncServerConnectionManagerRequest", "result":"SYNC_SERVER_OK", "context":"{"environment":"48F630A6-CB1B-4CC7-86AF-0F6627234B58|113", "server":"BY3PEPF0000DAE0"}"}
{"logTime": "1121/210914", "correlationVector":"ru4myvXg/9ftAERlKeyuNG.2","action":"GetUpdates Response", "result":"SYNCER_OK"}
{"logTime": "1121/212031", "correlationVector":"t0wxGrjxevE4yd6NKSCbmT.0","action":"FeedSettingFetch_homeCloud", "result":"0", "context":"{}"}
{"logTime": "1121/212031", "correlationVector":"TAH/zycbUBfO/54SuFj48c.1","action":"SyncServerConnectionManagerRequest", "result":"SYNC_SERVER_OK", "context":"{"environment":"48F630A6-CB1B-4CC7-86AF-0F6627234B58|113", "server":"BY3PEPF00008E3F"}"}
{"logTime": "1121/212031", "correlationVector":"TAH/zycbUBfO/54SuFj48c.2","action":"AAD.Mip.Unpack", "result":"Success", "context":"MIP_CLOUD_COMMERCIAL:Success"}
{"logTime": "1121/212031", "correlationVector":"TAH/zycbUBfO/54SuFj48c.3","action":"AAD.GetKeyResponse", "result":"Success", "context":"Keys=3.LastKeyStatus=Normal. 2021-11-21 14:58:18 -06.State=None"}
{"logTime": "1121/212031", "correlationVector":"TAH/zycbUBfO/54SuFj48c","action":"Initial GetUpdates", "result":""}
{"logTime": "1121/212031", "correlationVector":"TAH/zycbUBfO/54SuFj48c.4","action":"GetUpdates Response", "result":"SYNCER_OK"}
{"logTime": "1121/212031", "correlationVector":"8utmfHqXlva+9qLpm6ZMan","action":"Normal GetUpdate request", "result":""}
{"logTime": "1121/212031", "correlationVector":"8utmfHqXlva+9qLpm6ZMan.1","action":"SyncServerConnectionManagerRequest", "result":"SYNC_SERVER_OK", "context":"{"environment":"48F630A6-CB1B-4CC7-86AF-0F6627234B58|113", "server":"BY3PEPF00008E3F"}"}
{"logTime": "1121/212031", "correlationVector":"8utmfHqXlva+9qLpm6ZMan.2","action":"GetUpdates Response", "result":"SYNCER_OK"}
